# JRE version: OpenJDK Runtime Environment (8.0_152-b02) (build 1.8.0_152-release-1024-b02)
# Java VM: OpenJDK 64-Bit Server VM (25.152-b02 mixed mode windows-amd64 compressed oops)
Heap:
 PSYoungGen      total 488960K, used 447131K [0x00000000e0000000, 0x00000000ffc80000, 0x0000000100000000)
  eden space 462336K, 95% used [0x00000000e0000000,0x00000000fb16ee30,0x00000000fc380000)
  from space 26624K, 12% used [0x00000000fe280000,0x00000000fe5b8050,0x00000000ffc80000)
  to   space 29184K, 0% used [0x00000000fc380000,0x00000000fc380000,0x00000000fe000000)
 ParOldGen       total 164352K, used 85487K [0x00000000a0000000, 0x00000000aa080000, 0x00000000e0000000)
  object space 164352K, 52% used [0x00000000a0000000,0x00000000a537bcd0,0x00000000aa080000)
 Metaspace       used 83722K, capacity 88984K, committed 89304K, reserved 1126400K
  class space    used 10501K, capacity 11395K, committed 11520K, reserved 1048576K
GC Heap History (10 events):
Event: 3971.870 GC heap before
{Heap before GC invocations=32 (full 4):
 PSYoungGen      total 312832K, used 290185K [0x00000000e0000000, 0x00000000f9b00000, 0x0000000100000000)
  eden space 275968K, 99% used [0x00000000e0000000,0x00000000f0cfef00,0x00000000f0d80000)
  from space 36864K, 39% used [0x00000000f0d80000,0x00000000f1be3648,0x00000000f3180000)
  to   space 35328K, 0% used [0x00000000f7880000,0x00000000f7880000,0x00000000f9b00000)
 ParOldGen       total 164352K, used 83674K [0x00000000a0000000, 0x00000000aa080000, 0x00000000e0000000)
  object space 164352K, 50% used [0x00000000a0000000,0x00000000a51b6900,0x00000000aa080000)
 Metaspace       used 79992K, capacity 83212K, committed 83544K, reserved 1122304K
  class space    used 10157K, capacity 10786K, committed 10880K, reserved 1048576K
Event: 3971.876 GC heap after
Heap after GC invocations=32 (full 4):
 PSYoungGen      total 379392K, used 4753K [0x00000000e0000000, 0x00000000f9700000, 0x0000000100000000)
  eden space 348160K, 0% used [0x00000000e0000000,0x00000000e0000000,0x00000000f5400000)
  from space 31232K, 15% used [0x00000000f7880000,0x00000000f7d24630,0x00000000f9700000)
  to   space 34304K, 0% used [0x00000000f5400000,0x00000000f5400000,0x00000000f7580000)
 ParOldGen       total 164352K, used 84154K [0x00000000a0000000, 0x00000000aa080000, 0x00000000e0000000)
  object space 164352K, 51% used [0x00000000a0000000,0x00000000a522e940,0x00000000aa080000)
 Metaspace       used 79992K, capacity 83212K, committed 83544K, reserved 1122304K
  class space    used 10157K, capacity 10786K, committed 10880K, reserved 1048576K
}
Event: 4350.957 GC heap before
{Heap before GC invocations=33 (full 4):
 PSYoungGen      total 379392K, used 352913K [0x00000000e0000000, 0x00000000f9700000, 0x0000000100000000)
  eden space 348160K, 100% used [0x00000000e0000000,0x00000000f5400000,0x00000000f5400000)
  from space 31232K, 15% used [0x00000000f7880000,0x00000000f7d24630,0x00000000f9700000)
  to   space 34304K, 0% used [0x00000000f5400000,0x00000000f5400000,0x00000000f7580000)
 ParOldGen       total 164352K, used 84154K [0x00000000a0000000, 0x00000000aa080000, 0x00000000e0000000)
  object space 164352K, 51% used [0x00000000a0000000,0x00000000a522e940,0x00000000aa080000)
 Metaspace       used 80587K, capacity 84150K, committed 84440K, reserved 1122304K
  class space    used 10213K, capacity 10887K, committed 11008K, reserved 1048576K
Event: 4350.966 GC heap after
Heap after GC invocations=33 (full 4):
 PSYoungGen      total 382464K, used 3600K [0x00000000e0000000, 0x00000000fea00000, 0x0000000100000000)
  eden space 348160K, 0% used [0x00000000e0000000,0x00000000e0000000,0x00000000f5400000)
  from space 34304K, 10% used [0x00000000f5400000,0x00000000f5784040,0x00000000f7580000)
  to   space 33280K, 0% used [0x00000000fc980000,0x00000000fc980000,0x00000000fea00000)
 ParOldGen       total 164352K, used 84306K [0x00000000a0000000, 0x00000000aa080000, 0x00000000e0000000)
  object space 164352K, 51% used [0x00000000a0000000,0x00000000a5254960,0x00000000aa080000)
 Metaspace       used 80587K, capacity 84150K, committed 84440K, reserved 1122304K
  class space    used 10213K, capacity 10887K, committed 11008K, reserved 1048576K
}
Event: 4714.316 GC heap before
{Heap before GC invocations=34 (full 4):
 PSYoungGen      total 382464K, used 351760K [0x00000000e0000000, 0x00000000fea00000, 0x0000000100000000)
  eden space 348160K, 100% used [0x00000000e0000000,0x00000000f5400000,0x00000000f5400000)
  from space 34304K, 10% used [0x00000000f5400000,0x00000000f5784040,0x00000000f7580000)
  to   space 33280K, 0% used [0x00000000fc980000,0x00000000fc980000,0x00000000fea00000)
 ParOldGen       total 164352K, used 84306K [0x00000000a0000000, 0x00000000aa080000, 0x00000000e0000000)
  object space 164352K, 51% used [0x00000000a0000000,0x00000000a5254960,0x00000000aa080000)
 Metaspace       used 81652K, capacity 85770K, committed 85848K, reserved 1124352K
  class space    used 10308K, capacity 11058K, committed 11136K, reserved 1048576K
Event: 4714.332 GC heap after
Heap after GC invocations=34 (full 4):
 PSYoungGen      total 455168K, used 7024K [0x00000000e0000000, 0x00000000fe200000, 0x0000000100000000)
  eden space 430080K, 0% used [0x00000000e0000000,0x00000000e0000000,0x00000000fa400000)
  from space 25088K, 28% used [0x00000000fc980000,0x00000000fd05c320,0x00000000fe200000)
  to   space 31744K, 0% used [0x00000000fa400000,0x00000000fa400000,0x00000000fc300000)
 ParOldGen       total 164352K, used 84695K [0x00000000a0000000, 0x00000000aa080000, 0x00000000e0000000)
  object space 164352K, 51% used [0x00000000a0000000,0x00000000a52b5ca0,0x00000000aa080000)
 Metaspace       used 81652K, capacity 85770K, committed 85848K, reserved 1124352K
  class space    used 10308K, capacity 11058K, committed 11136K, reserved 1048576K
}
Event: 5407.424 GC heap before
{Heap before GC invocations=35 (full 4):
 PSYoungGen      total 455168K, used 437104K [0x00000000e0000000, 0x00000000fe200000, 0x0000000100000000)
  eden space 430080K, 100% used [0x00000000e0000000,0x00000000fa400000,0x00000000fa400000)
  from space 25088K, 28% used [0x00000000fc980000,0x00000000fd05c320,0x00000000fe200000)
  to   space 31744K, 0% used [0x00000000fa400000,0x00000000fa400000,0x00000000fc300000)
 ParOldGen       total 164352K, used 84695K [0x00000000a0000000, 0x00000000aa080000, 0x00000000e0000000)
  object space 164352K, 51% used [0x00000000a0000000,0x00000000a52b5ca0,0x00000000aa080000)
 Metaspace       used 82334K, capacity 86724K, committed 86872K, reserved 1124352K
  class space    used 10337K, capacity 11108K, committed 11136K, reserved 1048576K
Event: 5407.445 GC heap after
Heap after GC invocations=35 (full 4):
 PSYoungGen      total 461824K, used 9108K [0x00000000e0000000, 0x0000000100000000, 0x0000000100000000)
  eden space 430080K, 0% used [0x00000000e0000000,0x00000000e0000000,0x00000000fa400000)
  from space 31744K, 28% used [0x00000000fa400000,0x00000000face52a8,0x00000000fc300000)
  to   space 30208K, 0% used [0x00000000fe280000,0x00000000fe280000,0x0000000100000000)
 ParOldGen       total 164352K, used 85207K [0x00000000a0000000, 0x00000000aa080000, 0x00000000e0000000)
  object space 164352K, 51% used [0x00000000a0000000,0x00000000a5335cd0,0x00000000aa080000)
 Metaspace       used 82334K, capacity 86724K, committed 86872K, reserved 1124352K
  class space    used 10337K, capacity 11108K, committed 11136K, reserved 1048576K
}
Event: 6152.815 GC heap before
{Heap before GC invocations=36 (full 4):
 PSYoungGen      total 461824K, used 439188K [0x00000000e0000000, 0x0000000100000000, 0x0000000100000000)
  eden space 430080K, 100% used [0x00000000e0000000,0x00000000fa400000,0x00000000fa400000)
  from space 31744K, 28% used [0x00000000fa400000,0x00000000face52a8,0x00000000fc300000)
  to   space 30208K, 0% used [0x00000000fe280000,0x00000000fe280000,0x0000000100000000)
 ParOldGen       total 164352K, used 85207K [0x00000000a0000000, 0x00000000aa080000, 0x00000000e0000000)
  object space 164352K, 51% used [0x00000000a0000000,0x00000000a5335cd0,0x00000000aa080000)
 Metaspace       used 82712K, capacity 86976K, committed 87128K, reserved 1126400K
  class space    used 10345K, capacity 11117K, committed 11136K, reserved 1048576K
Event: 6152.823 GC heap after
Heap after GC invocations=36 (full 4):
 PSYoungGen      total 488960K, used 3296K [0x00000000e0000000, 0x00000000ffc80000, 0x0000000100000000)
  eden space 462336K, 0% used [0x00000000e0000000,0x00000000e0000000,0x00000000fc380000)
  from space 26624K, 12% used [0x00000000fe280000,0x00000000fe5b8050,0x00000000ffc80000)
  to   space 29184K, 0% used [0x00000000fc380000,0x00000000fc380000,0x00000000fe000000)
 ParOldGen       total 164352K, used 85487K [0x00000000a0000000, 0x00000000aa080000, 0x00000000e0000000)
  object space 164352K, 52% used [0x00000000a0000000,0x00000000a537bcd0,0x00000000aa080000)
 Metaspace       used 82712K, capacity 86976K, committed 87128K, reserved 1126400K
  class space    used 10345K, capacity 11117K, committed 11136K, reserved 1048576K
}

